<?xml version="1.0" encoding="UTF-8"?>
<!-- Generated by org.testng.reporters.JUnitXMLReporter -->
<testsuite ignored="0" hostname="Uttam" failures="0" tests="1" name="Test" time="0.095" errors="0" timestamp="2025-05-07T20:25:37 IST">
  <testcase classname="generic_Repository.BaseConfig" name="@BeforeClass browserSetup" time="-1.746629736965E9">
    <failure type="org.testng.TestNGException" message="
Parameter &amp;apos;browser&amp;apos; is required by BeforeClass on method browserSetup but has not been marked @Optional or defined
in C:\Users\babit\git\repository\Automation_Exercise_TeamD\testng2.xml">
      <![CDATA[org.testng.TestNGException: 
Parameter 'browser' is required by BeforeClass on method browserSetup but has not been marked @Optional or defined
in C:\Users\babit\git\repository\Automation_Exercise_TeamD\testng2.xml
at java.base/java.util.ArrayList.forEach(ArrayList.java:1511)
... Removed 22 stack frames]]>
    </failure>
  </testcase> <!-- @BeforeClass browserSetup -->
  <testcase classname="generic_Repository.BaseConfig" name="@AfterClass closebrowser" time="0.0">
    <skipped/>
  </testcase> <!-- @AfterClass closebrowser -->
  <testcase classname="TestCase.Testcase_02" name="Login_User_with_correct_email_and_password" time="0.0">
    <skipped/>
  </testcase> <!-- Login_User_with_correct_email_and_password -->
</testsuite> <!-- Test -->
